# JRE version: OpenJDK Runtime Environment Temurin-21.0.7+6 (21.0.7+6) (build 21.0.7+6-LTS)
# Java VM: OpenJDK 64-Bit Server VM Temurin-21.0.7+6 (21.0.7+6-LTS, mixed mode, sharing, tiered, compressed oops, compressed class ptrs, g1 gc, windows-amd64)
GC Precious Log:
 CardTable entry size: 512
 Card Set container configuration: InlinePtr #cards 4 size 8 Array Of Cards #cards 16 size 48 Howl #buckets 8 coarsen threshold 3686 Howl Bitmap #cards 512 size 80 coarsen threshold 460 Card regions per heap region 1 cards per card region 4096
 CPUs: 8 total, 8 available
 Memory: 16238M
 Large Page Support: Disabled
 NUMA Support: Disabled
 Compressed Oops: Enabled (Zero based)
 Heap Region Size: 2M
 Heap Min Capacity: 8M
 Heap Initial Capacity: 254M
 Heap Max Capacity: 4060M
 Pre-touch: Disabled
 Parallel Workers: 8
 Concurrent Workers: 2
 Concurrent Refinement Workers: 8
 Periodic GC: Disabled
Heap:
 garbage-first heap   total 249856K, used 126903K [0x0000000702400000, 0x0000000800000000)
  region size 2048K, 30 young (61440K), 1 survivors (2048K)
 Metaspace       used 108670K, committed 109760K, reserved 1179648K
  class space    used 14408K, committed 14912K, reserved 1048576K
GC Heap History (20 events):
Event: 87.652 GC heap after
{Heap after GC invocations=58 (full 1):
 garbage-first heap   total 206848K, used 82339K [0x0000000702400000, 0x0000000800000000)
  region size 2048K, 5 young (10240K), 5 survivors (10240K)
 Metaspace       used 107643K, committed 108736K, reserved 1179648K
  class space    used 14336K, committed 14848K, reserved 1048576K
}
Event: 87.963 GC heap before
{Heap before GC invocations=58 (full 1):
 garbage-first heap   total 206848K, used 176547K [0x0000000702400000, 0x0000000800000000)
  region size 2048K, 51 young (104448K), 5 survivors (10240K)
 Metaspace       used 107643K, committed 108736K, reserved 1179648K
  class space    used 14336K, committed 14848K, reserved 1048576K
}
Event: 87.967 GC heap after
{Heap after GC invocations=59 (full 1):
 garbage-first heap   total 249856K, used 79132K [0x0000000702400000, 0x0000000800000000)
  region size 2048K, 3 young (6144K), 3 survivors (6144K)
 Metaspace       used 107643K, committed 108736K, reserved 1179648K
  class space    used 14336K, committed 14848K, reserved 1048576K
}
Event: 88.394 GC heap before
{Heap before GC invocations=59 (full 1):
 garbage-first heap   total 249856K, used 220444K [0x0000000702400000, 0x0000000800000000)
  region size 2048K, 72 young (147456K), 3 survivors (6144K)
 Metaspace       used 107652K, committed 108736K, reserved 1179648K
  class space    used 14336K, committed 14848K, reserved 1048576K
}
Event: 88.398 GC heap after
{Heap after GC invocations=60 (full 1):
 garbage-first heap   total 249856K, used 82722K [0x0000000702400000, 0x0000000800000000)
  region size 2048K, 4 young (8192K), 4 survivors (8192K)
 Metaspace       used 107652K, committed 108736K, reserved 1179648K
  class space    used 14336K, committed 14848K, reserved 1048576K
}
Event: 88.806 GC heap before
{Heap before GC invocations=60 (full 1):
 garbage-first heap   total 249856K, used 219938K [0x0000000702400000, 0x0000000800000000)
  region size 2048K, 71 young (145408K), 4 survivors (8192K)
 Metaspace       used 107652K, committed 108736K, reserved 1179648K
  class space    used 14336K, committed 14848K, reserved 1048576K
}
Event: 88.811 GC heap after
{Heap after GC invocations=61 (full 1):
 garbage-first heap   total 249856K, used 85820K [0x0000000702400000, 0x0000000800000000)
  region size 2048K, 6 young (12288K), 6 survivors (12288K)
 Metaspace       used 107652K, committed 108736K, reserved 1179648K
  class space    used 14336K, committed 14848K, reserved 1048576K
}
Event: 89.154 GC heap before
{Heap before GC invocations=61 (full 1):
 garbage-first heap   total 249856K, used 214844K [0x0000000702400000, 0x0000000800000000)
  region size 2048K, 69 young (141312K), 6 survivors (12288K)
 Metaspace       used 107654K, committed 108736K, reserved 1179648K
  class space    used 14336K, committed 14848K, reserved 1048576K
}
Event: 89.157 GC heap after
{Heap after GC invocations=62 (full 1):
 garbage-first heap   total 249856K, used 79873K [0x0000000702400000, 0x0000000800000000)
  region size 2048K, 2 young (4096K), 2 survivors (4096K)
 Metaspace       used 107654K, committed 108736K, reserved 1179648K
  class space    used 14336K, committed 14848K, reserved 1048576K
}
Event: 89.517 GC heap before
{Heap before GC invocations=62 (full 1):
 garbage-first heap   total 249856K, used 223233K [0x0000000702400000, 0x0000000800000000)
  region size 2048K, 72 young (147456K), 2 survivors (4096K)
 Metaspace       used 107655K, committed 108736K, reserved 1179648K
  class space    used 14336K, committed 14848K, reserved 1048576K
}
Event: 89.520 GC heap after
{Heap after GC invocations=63 (full 1):
 garbage-first heap   total 249856K, used 81228K [0x0000000702400000, 0x0000000800000000)
  region size 2048K, 2 young (4096K), 2 survivors (4096K)
 Metaspace       used 107655K, committed 108736K, reserved 1179648K
  class space    used 14336K, committed 14848K, reserved 1048576K
}
Event: 89.990 GC heap before
{Heap before GC invocations=63 (full 1):
 garbage-first heap   total 249856K, used 224588K [0x0000000702400000, 0x0000000800000000)
  region size 2048K, 72 young (147456K), 2 survivors (4096K)
 Metaspace       used 107660K, committed 108736K, reserved 1179648K
  class space    used 14336K, committed 14848K, reserved 1048576K
}
Event: 89.992 GC heap after
{Heap after GC invocations=64 (full 1):
 garbage-first heap   total 249856K, used 79128K [0x0000000702400000, 0x0000000800000000)
  region size 2048K, 1 young (2048K), 1 survivors (2048K)
 Metaspace       used 107660K, committed 108736K, reserved 1179648K
  class space    used 14336K, committed 14848K, reserved 1048576K
}
Event: 90.472 GC heap before
{Heap before GC invocations=64 (full 1):
 garbage-first heap   total 249856K, used 226584K [0x0000000702400000, 0x0000000800000000)
  region size 2048K, 73 young (149504K), 1 survivors (2048K)
 Metaspace       used 107660K, committed 108736K, reserved 1179648K
  class space    used 14336K, committed 14848K, reserved 1048576K
}
Event: 90.474 GC heap after
{Heap after GC invocations=65 (full 1):
 garbage-first heap   total 249856K, used 80188K [0x0000000702400000, 0x0000000800000000)
  region size 2048K, 2 young (4096K), 2 survivors (4096K)
 Metaspace       used 107660K, committed 108736K, reserved 1179648K
  class space    used 14336K, committed 14848K, reserved 1048576K
}
Event: 90.842 GC heap before
{Heap before GC invocations=65 (full 1):
 garbage-first heap   total 249856K, used 223548K [0x0000000702400000, 0x0000000800000000)
  region size 2048K, 72 young (147456K), 2 survivors (4096K)
 Metaspace       used 107660K, committed 108736K, reserved 1179648K
  class space    used 14336K, committed 14848K, reserved 1048576K
}
Event: 90.843 GC heap after
{Heap after GC invocations=66 (full 1):
 garbage-first heap   total 249856K, used 78509K [0x0000000702400000, 0x0000000800000000)
  region size 2048K, 1 young (2048K), 1 survivors (2048K)
 Metaspace       used 107660K, committed 108736K, reserved 1179648K
  class space    used 14336K, committed 14848K, reserved 1048576K
}
Event: 91.352 GC heap before
{Heap before GC invocations=66 (full 1):
 garbage-first heap   total 249856K, used 225965K [0x0000000702400000, 0x0000000800000000)
  region size 2048K, 73 young (149504K), 1 survivors (2048K)
 Metaspace       used 107763K, committed 108864K, reserved 1179648K
  class space    used 14341K, committed 14848K, reserved 1048576K
}
Event: 91.355 GC heap after
{Heap after GC invocations=67 (full 1):
 garbage-first heap   total 249856K, used 68319K [0x0000000702400000, 0x0000000800000000)
  region size 2048K, 1 young (2048K), 1 survivors (2048K)
 Metaspace       used 107763K, committed 108864K, reserved 1179648K
  class space    used 14341K, committed 14848K, reserved 1048576K
}
Event: 371.850 GC heap before
{Heap before GC invocations=67 (full 1):
 garbage-first heap   total 249856K, used 125663K [0x0000000702400000, 0x0000000800000000)
  region size 2048K, 30 young (61440K), 1 survivors (2048K)
 Metaspace       used 108670K, committed 109760K, reserved 1179648K
  class space    used 14408K, committed 14912K, reserved 1048576K
}

